# JRE version: OpenJDK Runtime Environment (14.0.2+12) (build 14.0.2+12-46)
# Java VM: OpenJDK 64-Bit Server VM (14.0.2+12-46, mixed mode, tiered, compressed oops, g1 gc, windows-amd64)
Heap:
 garbage-first heap   total 40960K, used 30815K [0x00000000a5200000, 0x0000000100000000)
  region size 1024K, 21 young (21504K), 2 survivors (2048K)
 Metaspace       used 28155K, capacity 28911K, committed 29056K, reserved 1075200K
  class space    used 3434K, capacity 3704K, committed 3712K, reserved 1048576K
GC Heap History (15 events):
Event: 2.669 GC heap before
{Heap before GC invocations=0 (full 0):
 garbage-first heap   total 94208K, used 12288K [0x00000000a5200000, 0x0000000100000000)
  region size 1024K, 13 young (13312K), 0 survivors (0K)
 Metaspace       used 6931K, capacity 6991K, committed 7168K, reserved 1056768K
  class space    used 629K, capacity 670K, committed 768K, reserved 1048576K
}
Event: 2.707 GC heap after
{Heap after GC invocations=1 (full 0):
 garbage-first heap   total 94208K, used 5120K [0x00000000a5200000, 0x0000000100000000)
  region size 1024K, 2 young (2048K), 2 survivors (2048K)
 Metaspace       used 6931K, capacity 6991K, committed 7168K, reserved 1056768K
  class space    used 629K, capacity 670K, committed 768K, reserved 1048576K
}
Event: 5.547 GC heap before
{Heap before GC invocations=1 (full 0):
 garbage-first heap   total 94208K, used 16384K [0x00000000a5200000, 0x0000000100000000)
  region size 1024K, 14 young (14336K), 2 survivors (2048K)
 Metaspace       used 14391K, capacity 14732K, committed 14976K, reserved 1062912K
  class space    used 1515K, capacity 1627K, committed 1664K, reserved 1048576K
}
Event: 5.571 GC heap after
{Heap after GC invocations=2 (full 0):
 garbage-first heap   total 94208K, used 7922K [0x00000000a5200000, 0x0000000100000000)
  region size 1024K, 2 young (2048K), 2 survivors (2048K)
 Metaspace       used 14391K, capacity 14732K, committed 14976K, reserved 1062912K
  class space    used 1515K, capacity 1627K, committed 1664K, reserved 1048576K
}
Event: 7.088 GC heap before
{Heap before GC invocations=2 (full 0):
 garbage-first heap   total 94208K, used 23282K [0x00000000a5200000, 0x0000000100000000)
  region size 1024K, 18 young (18432K), 2 survivors (2048K)
 Metaspace       used 15652K, capacity 16066K, committed 16256K, reserved 1062912K
  class space    used 1670K, capacity 1820K, committed 1920K, reserved 1048576K
}
Event: 7.108 GC heap after
{Heap after GC invocations=3 (full 0):
 garbage-first heap   total 94208K, used 8963K [0x00000000a5200000, 0x0000000100000000)
  region size 1024K, 1 young (1024K), 1 survivors (1024K)
 Metaspace       used 15652K, capacity 16066K, committed 16256K, reserved 1062912K
  class space    used 1670K, capacity 1820K, committed 1920K, reserved 1048576K
}
Event: 11.696 GC heap before
{Heap before GC invocations=3 (full 0):
 garbage-first heap   total 94208K, used 62211K [0x00000000a5200000, 0x0000000100000000)
  region size 1024K, 55 young (56320K), 1 survivors (1024K)
 Metaspace       used 20713K, capacity 21160K, committed 21248K, reserved 1069056K
  class space    used 2355K, capacity 2525K, committed 2560K, reserved 1048576K
}
Event: 11.717 GC heap after
{Heap after GC invocations=4 (full 0):
 garbage-first heap   total 94208K, used 9726K [0x00000000a5200000, 0x0000000100000000)
  region size 1024K, 2 young (2048K), 2 survivors (2048K)
 Metaspace       used 20713K, capacity 21160K, committed 21248K, reserved 1069056K
  class space    used 2355K, capacity 2525K, committed 2560K, reserved 1048576K
}
Event: 12.947 GC heap before
{Heap before GC invocations=5 (full 0):
 garbage-first heap   total 40960K, used 32254K [0x00000000a5200000, 0x0000000100000000)
  region size 1024K, 24 young (24576K), 2 survivors (2048K)
 Metaspace       used 22688K, capacity 23271K, committed 23424K, reserved 1069056K
  class space    used 2681K, capacity 2884K, committed 2944K, reserved 1048576K
}
Event: 12.959 GC heap after
{Heap after GC invocations=6 (full 0):
 garbage-first heap   total 40960K, used 10363K [0x00000000a5200000, 0x0000000100000000)
  region size 1024K, 2 young (2048K), 2 survivors (2048K)
 Metaspace       used 22688K, capacity 23271K, committed 23424K, reserved 1069056K
  class space    used 2681K, capacity 2884K, committed 2944K, reserved 1048576K
}
Event: 13.751 GC heap before
{Heap before GC invocations=6 (full 0):
 garbage-first heap   total 40960K, used 28795K [0x00000000a5200000, 0x0000000100000000)
  region size 1024K, 20 young (20480K), 2 survivors (2048K)
 Metaspace       used 23760K, capacity 24333K, committed 24448K, reserved 1071104K
  class space    used 2886K, capacity 3107K, committed 3200K, reserved 1048576K
}
Event: 13.765 GC heap after
{Heap after GC invocations=7 (full 0):
 garbage-first heap   total 40960K, used 10855K [0x00000000a5200000, 0x0000000100000000)
  region size 1024K, 2 young (2048K), 2 survivors (2048K)
 Metaspace       used 23760K, capacity 24333K, committed 24448K, reserved 1071104K
  class space    used 2886K, capacity 3107K, committed 3200K, reserved 1048576K
}
Event: 15.182 GC heap before
{Heap before GC invocations=7 (full 0):
 garbage-first heap   total 40960K, used 28263K [0x00000000a5200000, 0x0000000100000000)
  region size 1024K, 20 young (20480K), 2 survivors (2048K)
 Metaspace       used 25732K, capacity 26392K, committed 26496K, reserved 1073152K
  class space    used 3131K, capacity 3390K, committed 3456K, reserved 1048576K
}
Event: 15.195 GC heap after
{Heap after GC invocations=8 (full 0):
 garbage-first heap   total 40960K, used 11359K [0x00000000a5200000, 0x0000000100000000)
  region size 1024K, 2 young (2048K), 2 survivors (2048K)
 Metaspace       used 25732K, capacity 26392K, committed 26496K, reserved 1073152K
  class space    used 3131K, capacity 3390K, committed 3456K, reserved 1048576K
}
Event: 17.619 GC heap before
{Heap before GC invocations=8 (full 0):
 garbage-first heap   total 40960K, used 30815K [0x00000000a5200000, 0x0000000100000000)
  region size 1024K, 21 young (21504K), 2 survivors (2048K)
 Metaspace       used 28155K, capacity 28911K, committed 29056K, reserved 1075200K
  class space    used 3434K, capacity 3704K, committed 3712K, reserved 1048576K
}

