# JRE version: OpenJDK Runtime Environment (14.0.2+12) (build 14.0.2+12-46)
# Java VM: OpenJDK 64-Bit Server VM (14.0.2+12-46, mixed mode, tiered, compressed oops, g1 gc, windows-amd64)
Heap:
 garbage-first heap   total 94208K, used 26332K [0x00000000a5200000, 0x0000000100000000)
  region size 1024K, 21 young (21504K), 1 survivors (1024K)
 Metaspace       used 18240K, capacity 18774K, committed 18944K, reserved 1067008K
  class space    used 2021K, capacity 2219K, committed 2304K, reserved 1048576K
GC Heap History (6 events):
Event: 3.290 GC heap before
{Heap before GC invocations=0 (full 0):
 garbage-first heap   total 94208K, used 12288K [0x00000000a5200000, 0x0000000100000000)
  region size 1024K, 13 young (13312K), 0 survivors (0K)
 Metaspace       used 10010K, capacity 10143K, committed 10368K, reserved 1058816K
  class space    used 1018K, capacity 1068K, committed 1152K, reserved 1048576K
}
Event: 3.312 GC heap after
{Heap after GC invocations=1 (full 0):
 garbage-first heap   total 94208K, used 4409K [0x00000000a5200000, 0x0000000100000000)
  region size 1024K, 2 young (2048K), 2 survivors (2048K)
 Metaspace       used 10010K, capacity 10143K, committed 10368K, reserved 1058816K
  class space    used 1018K, capacity 1068K, committed 1152K, reserved 1048576K
}
Event: 4.936 GC heap before
{Heap before GC invocations=1 (full 0):
 garbage-first heap   total 94208K, used 14649K [0x00000000a5200000, 0x0000000100000000)
  region size 1024K, 12 young (12288K), 2 survivors (2048K)
 Metaspace       used 14478K, capacity 14828K, committed 14976K, reserved 1062912K
  class space    used 1528K, capacity 1659K, committed 1664K, reserved 1048576K
}
Event: 4.958 GC heap after
{Heap after GC invocations=2 (full 0):
 garbage-first heap   total 94208K, used 6085K [0x00000000a5200000, 0x0000000100000000)
  region size 1024K, 2 young (2048K), 2 survivors (2048K)
 Metaspace       used 14478K, capacity 14828K, committed 14976K, reserved 1062912K
  class space    used 1528K, capacity 1659K, committed 1664K, reserved 1048576K
}
Event: 6.026 GC heap before
{Heap before GC invocations=2 (full 0):
 garbage-first heap   total 94208K, used 25541K [0x00000000a5200000, 0x0000000100000000)
  region size 1024K, 22 young (22528K), 2 survivors (2048K)
 Metaspace       used 15640K, capacity 16066K, committed 16256K, reserved 1062912K
  class space    used 1673K, capacity 1820K, committed 1920K, reserved 1048576K
}
Event: 6.042 GC heap after
{Heap after GC invocations=3 (full 0):
 garbage-first heap   total 94208K, used 6876K [0x00000000a5200000, 0x0000000100000000)
  region size 1024K, 1 young (1024K), 1 survivors (1024K)
 Metaspace       used 15640K, capacity 16066K, committed 16256K, reserved 1062912K
  class space    used 1673K, capacity 1820K, committed 1920K, reserved 1048576K
}

